<?xml version="1.0" encoding="UTF-8"?>
<testsuites name="Negative Case - Login" time="268.305" tests="6" failures="2" errors="0">
   <testsuite name="Negative Case - Login" tests="6" failures="2" errors="0" time="268.305" skipped="0" timestamp="2023-10-13 15:35:57" hostname="User - DESKTOP-9D92447" id="Test Suites/MoLeaWiz/Login/Negative Case/Negative Case - Login">
      <properties>
         <property name="deviceName" value=""/>
         <property name="devicePlatform" value=""/>
         <property name="logFolder" value="C:\\Users\\User\\git\\moleawiz_web_katalon_automation\\Reports\\20231013_153548\\MoLeaWiz\\Login\\Negative Case\\Negative Case - Login\\20231013_153548"/>
         <property name="logFiles" value="C:\\Users\\User\\git\\moleawiz_web_katalon_automation\\Reports\\20231013_153548\\MoLeaWiz\\Login\\Negative Case\\Negative Case - Login\\20231013_153548\\execution0.log"/>
         <property name="attachments" value="C:\\Users\\User\\git\\moleawiz_web_katalon_automation\\Reports\\20231013_153548\\MoLeaWiz\\Login\\Negative Case\\Negative Case - Login\\20231013_153548\\1697186271708.png, C:\\Users\\User\\git\\moleawiz_web_katalon_automation\\Reports\\20231013_153548\\MoLeaWiz\\Login\\Negative Case\\Negative Case - Login\\20231013_153548\\1697186272577.png, C:\\Users\\User\\git\\moleawiz_web_katalon_automation\\Reports\\20231013_153548\\MoLeaWiz\\Login\\Negative Case\\Negative Case - Login\\20231013_153548\\1697186423868.png, C:\\Users\\User\\git\\moleawiz_web_katalon_automation\\Reports\\20231013_153548\\MoLeaWiz\\Login\\Negative Case\\Negative Case - Login\\20231013_153548\\1697186424688.png"/>
         <property name="hostName" value="User - DESKTOP-9D92447"/>
         <property name="os" value="Windows 11 64bit"/>
         <property name="katalonVersion" value="8.6.5.208"/>
         <property name="browser" value="Chrome 117.0.0.0"/>
         <property name="hostAddress" value="192.168.43.228"/>
         <property name="sessionId" value="6343f3e35380a41335b5d6d5181b0da3"/>
         <property name="seleniumVersion" value="3.141.59"/>
         <property name="proxyInformation" value="ProxyInformation { proxyOption=NO_PROXY, proxyServerType=HTTP, username=, password=********, proxyServerAddress=, proxyServerPort=0, executionList=&quot;&quot;, isApplyToDesiredCapabilities=true }"/>
         <property name="platform" value="Windows 11"/>
      </properties>
      <testcase name="Test Cases/MoLeaWiz/Login/Negative Case/TCML03 - User cant Login with empty all mandatory field" time="66.917" classname="Test Cases/MoLeaWiz/Login/Negative Case/TCML03 - User cant Login with empty all mandatory field" status="PASSED">
         <system-out><![CDATA[2023-10-13 15:35:58 - [TEST_CASE][PASSED] - Test Cases/MoLeaWiz/Login/Negative Case/TCML03 - User cant Login with empty all mandatory field: Test Cases/MoLeaWiz/Login/Negative Case/TCML03 - User cant Login with empty all mandatory field

2023-10-13 15:35:59 - [TEST_STEP][PASSED] - openBrowser(base_url): Browser is opened with url: 'https://moleawiz-web-dev.digimasia.com'

2023-10-13 15:36:00 - [MESSAGE][INFO] - Starting 'Chrome' driver

2023-10-13 15:36:00 - [MESSAGE][INFO] - User set preference: ['args', '[--start-maximized]']

2023-10-13 15:36:00 - [MESSAGE][INFO] - Action delay is set to 0 milliseconds

2023-10-13 15:36:58 - [MESSAGE][PASSED] - Browser is opened with url: 'https://moleawiz-web-dev.digimasia.com'

2023-10-13 15:36:58 - [TEST_STEP][PASSED] - click(findTestObject("Object Login/btn_login")): Object: 'Object Repository/Object Login/btn_login' is clicked on

2023-10-13 15:37:00 - [MESSAGE][PASSED] - Object: 'Object Repository/Object Login/btn_login' is clicked on

2023-10-13 15:37:00 - [TEST_STEP][PASSED] - verifyElementVisible(findTestObject("Object Login/verify_Unsuccessfully_Login - Please fill your username, password, and answer"), STOP_ON_FAILURE): Object 'Object Repository/Object Login/verify_Unsuccessfully_Login - Please fill your username, password, and answer' is visible

2023-10-13 15:37:01 - [MESSAGE][PASSED] - Object 'Object Repository/Object Login/verify_Unsuccessfully_Login - Please fill your username, password, and answer' is visible

2023-10-13 15:37:01 - [TEST_STEP][PASSED] - delay(2): Delayed 2 second(s)

2023-10-13 15:37:03 - [MESSAGE][PASSED] - Delayed 2 second(s)

2023-10-13 15:37:03 - [TEST_STEP][PASSED] - closeBrowser(): Browser is closed

2023-10-13 15:37:04 - [MESSAGE][PASSED] - Browser is closed]]></system-out>
         <system-err><![CDATA[]]></system-err>
      </testcase>
      <testcase name="Test Cases/MoLeaWiz/Login/Negative Case/TCML04 - User cant Login with valid username and empty Password and Your answer" time="48.497" classname="Test Cases/MoLeaWiz/Login/Negative Case/TCML04 - User cant Login with valid username and empty Password and Your answer" status="FAILED">
         <failure type="FAILED" message="Test Cases/MoLeaWiz/Login/Negative Case/TCML04 - User cant Login with valid username and empty Password and Your answer FAILED.
Reason:
com.kms.katalon.core.exception.StepFailedException: Unable to verify object 'Object Repository/Object Login/verify_Unsuccessfully_Login - Please fill your username and answer' is present
	at com.kms.katalon.core.webui.keyword.internal.WebUIKeywordMain.stepFailed(WebUIKeywordMain.groovy:64)
	at com.kms.katalon.core.webui.keyword.internal.WebUIKeywordMain.runKeyword(WebUIKeywordMain.groovy:26)
	at com.kms.katalon.core.webui.keyword.builtin.VerifyElementPresentKeyword.verifyElementPresent(VerifyElementPresentKeyword.groovy:92)
	at com.kms.katalon.core.webui.keyword.builtin.VerifyElementPresentKeyword.execute(VerifyElementPresentKeyword.groovy:68)
	at com.kms.katalon.core.keyword.internal.KeywordExecutor.executeKeywordForPlatform(KeywordExecutor.groovy:74)
	at com.kms.katalon.core.webui.keyword.WebUiBuiltInKeywords.verifyElementPresent(WebUiBuiltInKeywords.groovy:1464)
	at com.kms.katalon.core.webui.keyword.WebUiBuiltInKeywords$verifyElementPresent$4.call(Unknown Source)
	at TCML04 - User cant Login with valid username and empty Password and Your answer.run(TCML04 - User cant Login with valid username and empty Password and Your answer:26)
	at com.kms.katalon.core.main.ScriptEngine.run(ScriptEngine.java:194)
	at com.kms.katalon.core.main.ScriptEngine.runScriptAsRawText(ScriptEngine.java:119)
	at com.kms.katalon.core.main.TestCaseExecutor.runScript(TestCaseExecutor.java:448)
	at com.kms.katalon.core.main.TestCaseExecutor.doExecute(TestCaseExecutor.java:439)
	at com.kms.katalon.core.main.TestCaseExecutor.processExecutionPhase(TestCaseExecutor.java:418)
	at com.kms.katalon.core.main.TestCaseExecutor.accessMainPhase(TestCaseExecutor.java:410)
	at com.kms.katalon.core.main.TestCaseExecutor.execute(TestCaseExecutor.java:285)
	at com.kms.katalon.core.common.CommonExecutor.accessTestCaseMainPhase(CommonExecutor.java:65)
	at com.kms.katalon.core.main.TestSuiteExecutor.accessTestSuiteMainPhase(TestSuiteExecutor.java:148)
	at com.kms.katalon.core.main.TestSuiteExecutor.execute(TestSuiteExecutor.java:106)
	at com.kms.katalon.core.main.TestCaseMain.startTestSuite(TestCaseMain.java:187)
	at com.kms.katalon.core.main.TestCaseMain$startTestSuite$0.call(Unknown Source)
	at TempTestSuite1697186148716.run(TempTestSuite1697186148716.groovy:36)
Caused by: com.kms.katalon.core.exception.StepFailedException: com.kms.katalon.core.webui.exception.WebElementNotFoundException: Web element with id: 'Object Repository/Object Login/verify_Unsuccessfully_Login - Please fill your username and answer' located by '//*[(text() = 'Please fill your username dan password' or . = 'Please fill your username dan password')]' not found
	at com.kms.katalon.core.webui.keyword.internal.WebUIKeywordMain.stepFailed(WebUIKeywordMain.groovy:64)
	at com.kms.katalon.core.webui.keyword.builtin.VerifyElementPresentKeyword$_verifyElementPresent_closure1.doCall(VerifyElementPresentKeyword.groovy:85)
	at com.kms.katalon.core.webui.keyword.builtin.VerifyElementPresentKeyword$_verifyElementPresent_closure1.call(VerifyElementPresentKeyword.groovy)
	at com.kms.katalon.core.webui.keyword.internal.WebUIKeywordMain.runKeyword(WebUIKeywordMain.groovy:20)
	... 19 more
"/>
         <system-out><![CDATA[2023-10-13 15:37:05 - [TEST_CASE][FAILED] - Test Cases/MoLeaWiz/Login/Negative Case/TCML04 - User cant Login with valid username and empty Password and Your answer: Test Cases/MoLeaWiz/Login/Negative Case/TCML04 - User cant Login with valid username and empty Password and Your answer FAILED.
Reason:
com.kms.katalon.core.exception.StepFailedException: Unable to verify object 'Object Repository/Object Login/verify_Unsuccessfully_Login - Please fill your username and answer' is present
	at com.kms.katalon.core.webui.keyword.internal.WebUIKeywordMain.stepFailed(WebUIKeywordMain.groovy:64)
	at com.kms.katalon.core.webui.keyword.internal.WebUIKeywordMain.runKeyword(WebUIKeywordMain.groovy:26)
	at com.kms.katalon.core.webui.keyword.builtin.VerifyElementPresentKeyword.verifyElementPresent(VerifyElementPresentKeyword.groovy:92)
	at com.kms.katalon.core.webui.keyword.builtin.VerifyElementPresentKeyword.execute(VerifyElementPresentKeyword.groovy:68)
	at com.kms.katalon.core.keyword.internal.KeywordExecutor.executeKeywordForPlatform(KeywordExecutor.groovy:74)
	at com.kms.katalon.core.webui.keyword.WebUiBuiltInKeywords.verifyElementPresent(WebUiBuiltInKeywords.groovy:1464)
	at com.kms.katalon.core.webui.keyword.WebUiBuiltInKeywords$verifyElementPresent$4.call(Unknown Source)
	at TCML04 - User cant Login with valid username and empty Password and Your answer.run(TCML04 - User cant Login with valid username and empty Password and Your answer:26)
	at com.kms.katalon.core.main.ScriptEngine.run(ScriptEngine.java:194)
	at com.kms.katalon.core.main.ScriptEngine.runScriptAsRawText(ScriptEngine.java:119)
	at com.kms.katalon.core.main.TestCaseExecutor.runScript(TestCaseExecutor.java:448)
	at com.kms.katalon.core.main.TestCaseExecutor.doExecute(TestCaseExecutor.java:439)
	at com.kms.katalon.core.main.TestCaseExecutor.processExecutionPhase(TestCaseExecutor.java:418)
	at com.kms.katalon.core.main.TestCaseExecutor.accessMainPhase(TestCaseExecutor.java:410)
	at com.kms.katalon.core.main.TestCaseExecutor.execute(TestCaseExecutor.java:285)
	at com.kms.katalon.core.common.CommonExecutor.accessTestCaseMainPhase(CommonExecutor.java:65)
	at com.kms.katalon.core.main.TestSuiteExecutor.accessTestSuiteMainPhase(TestSuiteExecutor.java:148)
	at com.kms.katalon.core.main.TestSuiteExecutor.execute(TestSuiteExecutor.java:106)
	at com.kms.katalon.core.main.TestCaseMain.startTestSuite(TestCaseMain.java:187)
	at com.kms.katalon.core.main.TestCaseMain$startTestSuite$0.call(Unknown Source)
	at TempTestSuite1697186148716.run(TempTestSuite1697186148716.groovy:36)
Caused by: com.kms.katalon.core.exception.StepFailedException: com.kms.katalon.core.webui.exception.WebElementNotFoundException: Web element with id: 'Object Repository/Object Login/verify_Unsuccessfully_Login - Please fill your username and answer' located by '//*[(text() = 'Please fill your username dan password' or . = 'Please fill your username dan password')]' not found
	at com.kms.katalon.core.webui.keyword.internal.WebUIKeywordMain.stepFailed(WebUIKeywordMain.groovy:64)
	at com.kms.katalon.core.webui.keyword.builtin.VerifyElementPresentKeyword$_verifyElementPresent_closure1.doCall(VerifyElementPresentKeyword.groovy:85)
	at com.kms.katalon.core.webui.keyword.builtin.VerifyElementPresentKeyword$_verifyElementPresent_closure1.call(VerifyElementPresentKeyword.groovy)
	at com.kms.katalon.core.webui.keyword.internal.WebUIKeywordMain.runKeyword(WebUIKeywordMain.groovy:20)
	... 19 more


2023-10-13 15:37:06 - [TEST_STEP][PASSED] - openBrowser(base_url): Browser is opened with url: 'https://moleawiz-web-dev.digimasia.com'

2023-10-13 15:37:06 - [MESSAGE][INFO] - Starting 'Chrome' driver

2023-10-13 15:37:06 - [MESSAGE][INFO] - User set preference: ['args', '[--start-maximized]']

2023-10-13 15:37:06 - [MESSAGE][INFO] - Action delay is set to 0 milliseconds

2023-10-13 15:37:17 - [MESSAGE][PASSED] - Browser is opened with url: 'https://moleawiz-web-dev.digimasia.com'

2023-10-13 15:37:17 - [TEST_STEP][PASSED] - setText(findTestObject("Object Login/input_Username_Login"), usernameMoLeaWizOutlook): Text 'hafizh@digimasia.com' is set on object 'Object Repository/Object Login/input_Username_Login'

2023-10-13 15:37:19 - [MESSAGE][PASSED] - Text 'hafizh@digimasia.com' is set on object 'Object Repository/Object Login/input_Username_Login'

2023-10-13 15:37:19 - [TEST_STEP][PASSED] - click(findTestObject("Object Login/btn_login")): Object: 'Object Repository/Object Login/btn_login' is clicked on

2023-10-13 15:37:20 - [MESSAGE][PASSED] - Object: 'Object Repository/Object Login/btn_login' is clicked on

2023-10-13 15:37:20 - [TEST_STEP][FAILED] - verifyElementPresent(findTestObject("Object Login/verify_Unsuccessfully_Login - Please fill your username and answer"), 0): Unable to verify object 'Object Repository/Object Login/verify_Unsuccessfully_Login - Please fill your username and answer' is present (Root cause: com.kms.katalon.core.exception.StepFailedException: Unable to verify object 'Object Repository/Object Login/verify_Unsuccessfully_Login - Please fill your username and answer' is present
	at com.kms.katalon.core.webui.keyword.internal.WebUIKeywordMain.stepFailed(WebUIKeywordMain.groovy:64)
	at com.kms.katalon.core.webui.keyword.internal.WebUIKeywordMain.runKeyword(WebUIKeywordMain.groovy:26)
	at com.kms.katalon.core.webui.keyword.builtin.VerifyElementPresentKeyword.verifyElementPresent(VerifyElementPresentKeyword.groovy:92)
	at com.kms.katalon.core.webui.keyword.builtin.VerifyElementPresentKeyword.execute(VerifyElementPresentKeyword.groovy:68)
	at com.kms.katalon.core.keyword.internal.KeywordExecutor.executeKeywordForPlatform(KeywordExecutor.groovy:74)
	at com.kms.katalon.core.webui.keyword.WebUiBuiltInKeywords.verifyElementPresent(WebUiBuiltInKeywords.groovy:1464)
	at com.kms.katalon.core.webui.keyword.WebUiBuiltInKeywords$verifyElementPresent$4.call(Unknown Source)
	at TCML04 - User cant Login with valid username and empty Password and Your answer.run(TCML04 - User cant Login with valid username and empty Password and Your answer:26)
	at com.kms.katalon.core.main.ScriptEngine.run(ScriptEngine.java:194)
	at com.kms.katalon.core.main.ScriptEngine.runScriptAsRawText(ScriptEngine.java:119)
	at com.kms.katalon.core.main.TestCaseExecutor.runScript(TestCaseExecutor.java:448)
	at com.kms.katalon.core.main.TestCaseExecutor.doExecute(TestCaseExecutor.java:439)
	at com.kms.katalon.core.main.TestCaseExecutor.processExecutionPhase(TestCaseExecutor.java:418)
	at com.kms.katalon.core.main.TestCaseExecutor.accessMainPhase(TestCaseExecutor.java:410)
	at com.kms.katalon.core.main.TestCaseExecutor.execute(TestCaseExecutor.java:285)
	at com.kms.katalon.core.common.CommonExecutor.accessTestCaseMainPhase(CommonExecutor.java:65)
	at com.kms.katalon.core.main.TestSuiteExecutor.accessTestSuiteMainPhase(TestSuiteExecutor.java:148)
	at com.kms.katalon.core.main.TestSuiteExecutor.execute(TestSuiteExecutor.java:106)
	at com.kms.katalon.core.main.TestCaseMain.startTestSuite(TestCaseMain.java:187)
	at com.kms.katalon.core.main.TestCaseMain$startTestSuite$0.call(Unknown Source)
	at TempTestSuite1697186148716.run(TempTestSuite1697186148716.groovy:36)
Caused by: com.kms.katalon.core.exception.StepFailedException: com.kms.katalon.core.webui.exception.WebElementNotFoundException: Web element with id: 'Object Repository/Object Login/verify_Unsuccessfully_Login - Please fill your username and answer' located by '//*[(text() = 'Please fill your username dan password' or . = 'Please fill your username dan password')]' not found
	at com.kms.katalon.core.webui.keyword.internal.WebUIKeywordMain.stepFailed(WebUIKeywordMain.groovy:64)
	at com.kms.katalon.core.webui.keyword.builtin.VerifyElementPresentKeyword$_verifyElementPresent_closure1.doCall(VerifyElementPresentKeyword.groovy:85)
	at com.kms.katalon.core.webui.keyword.builtin.VerifyElementPresentKeyword$_verifyElementPresent_closure1.call(VerifyElementPresentKeyword.groovy)
	at com.kms.katalon.core.webui.keyword.internal.WebUIKeywordMain.runKeyword(WebUIKeywordMain.groovy:20)
	... 19 more
)

2023-10-13 15:37:20 - [MESSAGE][WARNING] - Timeout '0' is invalid. Using default page load timeout: '30'

2023-10-13 15:37:51 - [MESSAGE][INFO] - Unable to find the element located by 'By.xpath: //*[(text() = 'Please fill your username dan password' or . = 'Please fill your username dan password')]'. Please recheck the objects properties to make sure the desired element is located. 

2023-10-13 15:37:52 - [MESSAGE][FAILED] - com.kms.katalon.core.webui.exception.WebElementNotFoundException: Web element with id: 'Object Repository/Object Login/verify_Unsuccessfully_Login - Please fill your username and answer' located by '//*[(text() = 'Please fill your username dan password' or . = 'Please fill your username dan password')]' not found (Root cause: com.kms.katalon.core.exception.StepFailedException: com.kms.katalon.core.webui.exception.WebElementNotFoundException: Web element with id: 'Object Repository/Object Login/verify_Unsuccessfully_Login - Please fill your username and answer' located by '//*[(text() = 'Please fill your username dan password' or . = 'Please fill your username dan password')]' not found
	at com.kms.katalon.core.webui.keyword.internal.WebUIKeywordMain.stepFailed(WebUIKeywordMain.groovy:64)
	at com.kms.katalon.core.webui.keyword.builtin.VerifyElementPresentKeyword$_verifyElementPresent_closure1.doCall(VerifyElementPresentKeyword.groovy:85)
	at com.kms.katalon.core.webui.keyword.builtin.VerifyElementPresentKeyword$_verifyElementPresent_closure1.call(VerifyElementPresentKeyword.groovy)
	at com.kms.katalon.core.webui.keyword.internal.WebUIKeywordMain.runKeyword(WebUIKeywordMain.groovy:20)
	at com.kms.katalon.core.webui.keyword.builtin.VerifyElementPresentKeyword.verifyElementPresent(VerifyElementPresentKeyword.groovy:92)
	at com.kms.katalon.core.webui.keyword.builtin.VerifyElementPresentKeyword.execute(VerifyElementPresentKeyword.groovy:68)
	at com.kms.katalon.core.keyword.internal.KeywordExecutor.executeKeywordForPlatform(KeywordExecutor.groovy:74)
	at com.kms.katalon.core.webui.keyword.WebUiBuiltInKeywords.verifyElementPresent(WebUiBuiltInKeywords.groovy:1464)
	at com.kms.katalon.core.webui.keyword.WebUiBuiltInKeywords$verifyElementPresent$4.call(Unknown Source)
	at TCML04 - User cant Login with valid username and empty Password and Your answer.run(TCML04 - User cant Login with valid username and empty Password and Your answer:26)
	at com.kms.katalon.core.main.ScriptEngine.run(ScriptEngine.java:194)
	at com.kms.katalon.core.main.ScriptEngine.runScriptAsRawText(ScriptEngine.java:119)
	at com.kms.katalon.core.main.TestCaseExecutor.runScript(TestCaseExecutor.java:448)
	at com.kms.katalon.core.main.TestCaseExecutor.doExecute(TestCaseExecutor.java:439)
	at com.kms.katalon.core.main.TestCaseExecutor.processExecutionPhase(TestCaseExecutor.java:418)
	at com.kms.katalon.core.main.TestCaseExecutor.accessMainPhase(TestCaseExecutor.java:410)
	at com.kms.katalon.core.main.TestCaseExecutor.execute(TestCaseExecutor.java:285)
	at com.kms.katalon.core.common.CommonExecutor.accessTestCaseMainPhase(CommonExecutor.java:65)
	at com.kms.katalon.core.main.TestSuiteExecutor.accessTestSuiteMainPhase(TestSuiteExecutor.java:148)
	at com.kms.katalon.core.main.TestSuiteExecutor.execute(TestSuiteExecutor.java:106)
	at com.kms.katalon.core.main.TestCaseMain.startTestSuite(TestCaseMain.java:187)
	at com.kms.katalon.core.main.TestCaseMain$startTestSuite$0.call(Unknown Source)
	at TempTestSuite1697186148716.run(TempTestSuite1697186148716.groovy:36)
)
[[ATTACHMENT|C:\\Users\\User\\git\\moleawiz_web_katalon_automation\\Reports\\20231013_153548\\MoLeaWiz\\Login\\Negative Case\\Negative Case - Login\\20231013_153548\\1697186271708.png]]

2023-10-13 15:37:53 - [MESSAGE][FAILED] - Unable to verify object 'Object Repository/Object Login/verify_Unsuccessfully_Login - Please fill your username and answer' is present (Root cause: com.kms.katalon.core.exception.StepFailedException: Unable to verify object 'Object Repository/Object Login/verify_Unsuccessfully_Login - Please fill your username and answer' is present
	at com.kms.katalon.core.webui.keyword.internal.WebUIKeywordMain.stepFailed(WebUIKeywordMain.groovy:64)
	at com.kms.katalon.core.webui.keyword.internal.WebUIKeywordMain.runKeyword(WebUIKeywordMain.groovy:26)
	at com.kms.katalon.core.webui.keyword.builtin.VerifyElementPresentKeyword.verifyElementPresent(VerifyElementPresentKeyword.groovy:92)
	at com.kms.katalon.core.webui.keyword.builtin.VerifyElementPresentKeyword.execute(VerifyElementPresentKeyword.groovy:68)
	at com.kms.katalon.core.keyword.internal.KeywordExecutor.executeKeywordForPlatform(KeywordExecutor.groovy:74)
	at com.kms.katalon.core.webui.keyword.WebUiBuiltInKeywords.verifyElementPresent(WebUiBuiltInKeywords.groovy:1464)
	at com.kms.katalon.core.webui.keyword.WebUiBuiltInKeywords$verifyElementPresent$4.call(Unknown Source)
	at TCML04 - User cant Login with valid username and empty Password and Your answer.run(TCML04 - User cant Login with valid username and empty Password and Your answer:26)
	at com.kms.katalon.core.main.ScriptEngine.run(ScriptEngine.java:194)
	at com.kms.katalon.core.main.ScriptEngine.runScriptAsRawText(ScriptEngine.java:119)
	at com.kms.katalon.core.main.TestCaseExecutor.runScript(TestCaseExecutor.java:448)
	at com.kms.katalon.core.main.TestCaseExecutor.doExecute(TestCaseExecutor.java:439)
	at com.kms.katalon.core.main.TestCaseExecutor.processExecutionPhase(TestCaseExecutor.java:418)
	at com.kms.katalon.core.main.TestCaseExecutor.accessMainPhase(TestCaseExecutor.java:410)
	at com.kms.katalon.core.main.TestCaseExecutor.execute(TestCaseExecutor.java:285)
	at com.kms.katalon.core.common.CommonExecutor.accessTestCaseMainPhase(CommonExecutor.java:65)
	at com.kms.katalon.core.main.TestSuiteExecutor.accessTestSuiteMainPhase(TestSuiteExecutor.java:148)
	at com.kms.katalon.core.main.TestSuiteExecutor.execute(TestSuiteExecutor.java:106)
	at com.kms.katalon.core.main.TestCaseMain.startTestSuite(TestCaseMain.java:187)
	at com.kms.katalon.core.main.TestCaseMain$startTestSuite$0.call(Unknown Source)
	at TempTestSuite1697186148716.run(TempTestSuite1697186148716.groovy:36)
Caused by: com.kms.katalon.core.exception.StepFailedException: com.kms.katalon.core.webui.exception.WebElementNotFoundException: Web element with id: 'Object Repository/Object Login/verify_Unsuccessfully_Login - Please fill your username and answer' located by '//*[(text() = 'Please fill your username dan password' or . = 'Please fill your username dan password')]' not found
	at com.kms.katalon.core.webui.keyword.internal.WebUIKeywordMain.stepFailed(WebUIKeywordMain.groovy:64)
	at com.kms.katalon.core.webui.keyword.builtin.VerifyElementPresentKeyword$_verifyElementPresent_closure1.doCall(VerifyElementPresentKeyword.groovy:85)
	at com.kms.katalon.core.webui.keyword.builtin.VerifyElementPresentKeyword$_verifyElementPresent_closure1.call(VerifyElementPresentKeyword.groovy)
	at com.kms.katalon.core.webui.keyword.internal.WebUIKeywordMain.runKeyword(WebUIKeywordMain.groovy:20)
	... 19 more
)
[[ATTACHMENT|C:\\Users\\User\\git\\moleawiz_web_katalon_automation\\Reports\\20231013_153548\\MoLeaWiz\\Login\\Negative Case\\Negative Case - Login\\20231013_153548\\1697186272577.png]]]]></system-out>
         <system-err><![CDATA[2023-10-13 15:37:05 - [TEST_CASE][FAILED] - Test Cases/MoLeaWiz/Login/Negative Case/TCML04 - User cant Login with valid username and empty Password and Your answer: Test Cases/MoLeaWiz/Login/Negative Case/TCML04 - User cant Login with valid username and empty Password and Your answer FAILED.
Reason:
com.kms.katalon.core.exception.StepFailedException: Unable to verify object 'Object Repository/Object Login/verify_Unsuccessfully_Login - Please fill your username and answer' is present
	at com.kms.katalon.core.webui.keyword.internal.WebUIKeywordMain.stepFailed(WebUIKeywordMain.groovy:64)
	at com.kms.katalon.core.webui.keyword.internal.WebUIKeywordMain.runKeyword(WebUIKeywordMain.groovy:26)
	at com.kms.katalon.core.webui.keyword.builtin.VerifyElementPresentKeyword.verifyElementPresent(VerifyElementPresentKeyword.groovy:92)
	at com.kms.katalon.core.webui.keyword.builtin.VerifyElementPresentKeyword.execute(VerifyElementPresentKeyword.groovy:68)
	at com.kms.katalon.core.keyword.internal.KeywordExecutor.executeKeywordForPlatform(KeywordExecutor.groovy:74)
	at com.kms.katalon.core.webui.keyword.WebUiBuiltInKeywords.verifyElementPresent(WebUiBuiltInKeywords.groovy:1464)
	at com.kms.katalon.core.webui.keyword.WebUiBuiltInKeywords$verifyElementPresent$4.call(Unknown Source)
	at TCML04 - User cant Login with valid username and empty Password and Your answer.run(TCML04 - User cant Login with valid username and empty Password and Your answer:26)
	at com.kms.katalon.core.main.ScriptEngine.run(ScriptEngine.java:194)
	at com.kms.katalon.core.main.ScriptEngine.runScriptAsRawText(ScriptEngine.java:119)
	at com.kms.katalon.core.main.TestCaseExecutor.runScript(TestCaseExecutor.java:448)
	at com.kms.katalon.core.main.TestCaseExecutor.doExecute(TestCaseExecutor.java:439)
	at com.kms.katalon.core.main.TestCaseExecutor.processExecutionPhase(TestCaseExecutor.java:418)
	at com.kms.katalon.core.main.TestCaseExecutor.accessMainPhase(TestCaseExecutor.java:410)
	at com.kms.katalon.core.main.TestCaseExecutor.execute(TestCaseExecutor.java:285)
	at com.kms.katalon.core.common.CommonExecutor.accessTestCaseMainPhase(CommonExecutor.java:65)
	at com.kms.katalon.core.main.TestSuiteExecutor.accessTestSuiteMainPhase(TestSuiteExecutor.java:148)
	at com.kms.katalon.core.main.TestSuiteExecutor.execute(TestSuiteExecutor.java:106)
	at com.kms.katalon.core.main.TestCaseMain.startTestSuite(TestCaseMain.java:187)
	at com.kms.katalon.core.main.TestCaseMain$startTestSuite$0.call(Unknown Source)
	at TempTestSuite1697186148716.run(TempTestSuite1697186148716.groovy:36)
Caused by: com.kms.katalon.core.exception.StepFailedException: com.kms.katalon.core.webui.exception.WebElementNotFoundException: Web element with id: 'Object Repository/Object Login/verify_Unsuccessfully_Login - Please fill your username and answer' located by '//*[(text() = 'Please fill your username dan password' or . = 'Please fill your username dan password')]' not found
	at com.kms.katalon.core.webui.keyword.internal.WebUIKeywordMain.stepFailed(WebUIKeywordMain.groovy:64)
	at com.kms.katalon.core.webui.keyword.builtin.VerifyElementPresentKeyword$_verifyElementPresent_closure1.doCall(VerifyElementPresentKeyword.groovy:85)
	at com.kms.katalon.core.webui.keyword.builtin.VerifyElementPresentKeyword$_verifyElementPresent_closure1.call(VerifyElementPresentKeyword.groovy)
	at com.kms.katalon.core.webui.keyword.internal.WebUIKeywordMain.runKeyword(WebUIKeywordMain.groovy:20)
	... 19 more]]></system-err>
      </testcase>
      <testcase name="Test Cases/MoLeaWiz/Login/Negative Case/TCML05 - User cant Login with invalid username and password" time="36.274" classname="Test Cases/MoLeaWiz/Login/Negative Case/TCML05 - User cant Login with invalid username and password" status="PASSED">
         <system-out><![CDATA[2023-10-13 15:37:53 - [TEST_CASE][PASSED] - Test Cases/MoLeaWiz/Login/Negative Case/TCML05 - User cant Login with invalid username and password: Test Cases/MoLeaWiz/Login/Negative Case/TCML05 - User cant Login with invalid username and password

2023-10-13 15:37:54 - [TEST_STEP][PASSED] - openBrowser(base_url): Browser is opened with url: 'https://moleawiz-web-dev.digimasia.com'

2023-10-13 15:37:54 - [MESSAGE][WARNING] - A browser is already opened. Closing browser and opening a new one

2023-10-13 15:37:55 - [MESSAGE][INFO] - Starting 'Chrome' driver

2023-10-13 15:37:55 - [MESSAGE][INFO] - User set preference: ['args', '[--start-maximized]']

2023-10-13 15:37:55 - [MESSAGE][INFO] - Action delay is set to 0 milliseconds

2023-10-13 15:38:16 - [MESSAGE][PASSED] - Browser is opened with url: 'https://moleawiz-web-dev.digimasia.com'

2023-10-13 15:38:16 - [TEST_STEP][PASSED] - setText(findTestObject("Object Login/input_Username_Login"), invalidUsername): Text 'test123' is set on object 'Object Repository/Object Login/input_Username_Login'

2023-10-13 15:38:19 - [MESSAGE][PASSED] - Text 'test123' is set on object 'Object Repository/Object Login/input_Username_Login'

2023-10-13 15:38:19 - [TEST_STEP][PASSED] - setText(findTestObject("Object Login/input_Password_Login"), invalidPassword): Text '123' is set on object 'Object Repository/Object Login/input_Password_Login'

2023-10-13 15:38:20 - [MESSAGE][PASSED] - Text '123' is set on object 'Object Repository/Object Login/input_Password_Login'

2023-10-13 15:38:20 - [TEST_STEP][PASSED] - comment("function captcha your answer"): function captcha your answer

2023-10-13 15:38:20 - [MESSAGE][INFO] - function captcha your answer

2023-10-13 15:38:20 - [TEST_STEP][PASSED] - keywordFunctionLogin.FunctionCaptchaLogin.automationCaptcha(): keywordFunctionLogin.FunctionCaptchaLogin.automationCaptcha is PASSED

2023-10-13 15:38:21 - [MESSAGE][PASSED] - Text of object 'Object Repository/Object Login/captcha_Num1_Login' is: '11'

2023-10-13 15:38:22 - [MESSAGE][PASSED] - Text of object 'Object Repository/Object Login/captcha_Num2_Login' is: '15'

2023-10-13 15:38:23 - [MESSAGE][PASSED] - Keys '26' sent to object: 'Object Repository/Object Login/input_Captcha_Your_Answer_Login'

2023-10-13 15:38:23 - [MESSAGE][PASSED] - keywordFunctionLogin.FunctionCaptchaLogin.automationCaptcha is PASSED

2023-10-13 15:38:23 - [TEST_STEP][PASSED] - click(findTestObject("Object Login/btn_login")): Object: 'Object Repository/Object Login/btn_login' is clicked on

2023-10-13 15:38:24 - [MESSAGE][PASSED] - Object: 'Object Repository/Object Login/btn_login' is clicked on

2023-10-13 15:38:24 - [TEST_STEP][PASSED] - verifyElementVisible(findTestObject("Object Login/verify_Unsuccessfully_Login - Invalid login credentials Please try again"), STOP_ON_FAILURE): Object 'Object Repository/Object Login/verify_Unsuccessfully_Login - Invalid login credentials Please try again' is visible

2023-10-13 15:38:25 - [MESSAGE][PASSED] - Object 'Object Repository/Object Login/verify_Unsuccessfully_Login - Invalid login credentials Please try again' is visible

2023-10-13 15:38:25 - [TEST_STEP][PASSED] - delay(3): Delayed 3 second(s)

2023-10-13 15:38:28 - [MESSAGE][PASSED] - Delayed 3 second(s)

2023-10-13 15:38:28 - [TEST_STEP][PASSED] - closeBrowser(): Browser is closed

2023-10-13 15:38:29 - [MESSAGE][PASSED] - Browser is closed]]></system-out>
         <system-err><![CDATA[]]></system-err>
      </testcase>
      <testcase name="Test Cases/MoLeaWiz/Login/Negative Case/TCML06 - User Login with empty Username and empty Password" time="19.973" classname="Test Cases/MoLeaWiz/Login/Negative Case/TCML06 - User Login with empty Username and empty Password" status="PASSED">
         <system-out><![CDATA[2023-10-13 15:38:29 - [TEST_CASE][PASSED] - Test Cases/MoLeaWiz/Login/Negative Case/TCML06 - User Login with empty Username and empty Password: Test Cases/MoLeaWiz/Login/Negative Case/TCML06 - User Login with empty Username and empty Password

2023-10-13 15:38:30 - [TEST_STEP][PASSED] - openBrowser(base_url): Browser is opened with url: 'https://moleawiz-web-dev.digimasia.com'

2023-10-13 15:38:30 - [MESSAGE][INFO] - Starting 'Chrome' driver

2023-10-13 15:38:30 - [MESSAGE][INFO] - User set preference: ['args', '[--start-maximized]']

2023-10-13 15:38:30 - [MESSAGE][INFO] - Action delay is set to 0 milliseconds

2023-10-13 15:38:42 - [MESSAGE][PASSED] - Browser is opened with url: 'https://moleawiz-web-dev.digimasia.com'

2023-10-13 15:38:42 - [TEST_STEP][PASSED] - comment("function captcha your answer"): function captcha your answer

2023-10-13 15:38:42 - [MESSAGE][INFO] - function captcha your answer

2023-10-13 15:38:42 - [TEST_STEP][PASSED] - keywordFunctionLogin.FunctionCaptchaLogin.automationCaptcha(): keywordFunctionLogin.FunctionCaptchaLogin.automationCaptcha is PASSED

2023-10-13 15:38:43 - [MESSAGE][PASSED] - Text of object 'Object Repository/Object Login/captcha_Num1_Login' is: '1'

2023-10-13 15:38:44 - [MESSAGE][PASSED] - Text of object 'Object Repository/Object Login/captcha_Num2_Login' is: '7'

2023-10-13 15:38:45 - [MESSAGE][PASSED] - Keys '8' sent to object: 'Object Repository/Object Login/input_Captcha_Your_Answer_Login'

2023-10-13 15:38:45 - [MESSAGE][PASSED] - keywordFunctionLogin.FunctionCaptchaLogin.automationCaptcha is PASSED

2023-10-13 15:38:45 - [TEST_STEP][PASSED] - click(findTestObject("Object Login/btn_login")): Object: 'Object Repository/Object Login/btn_login' is clicked on

2023-10-13 15:38:46 - [MESSAGE][PASSED] - Object: 'Object Repository/Object Login/btn_login' is clicked on

2023-10-13 15:38:46 - [TEST_STEP][PASSED] - verifyElementPresent(findTestObject("Object Login/verify_Unsuccessfully_Login - Please fill your username and answer"), 0): Object 'Object Repository/Object Login/verify_Unsuccessfully_Login - Please fill your username and answer' is present

2023-10-13 15:38:46 - [MESSAGE][WARNING] - Timeout '0' is invalid. Using default page load timeout: '30'

2023-10-13 15:38:46 - [MESSAGE][PASSED] - Object 'Object Repository/Object Login/verify_Unsuccessfully_Login - Please fill your username and answer' is present

2023-10-13 15:38:46 - [TEST_STEP][PASSED] - delay(2): Delayed 2 second(s)

2023-10-13 15:38:48 - [MESSAGE][PASSED] - Delayed 2 second(s)

2023-10-13 15:38:48 - [TEST_STEP][PASSED] - closeBrowser(): Browser is closed

2023-10-13 15:38:49 - [MESSAGE][PASSED] - Browser is closed]]></system-out>
         <system-err><![CDATA[]]></system-err>
      </testcase>
      <testcase name="Test Cases/MoLeaWiz/Login/Negative Case/TCML07 - User Login with empty Your Answer" time="22.653" classname="Test Cases/MoLeaWiz/Login/Negative Case/TCML07 - User Login with empty Your Answer" status="PASSED">
         <system-out><![CDATA[2023-10-13 15:38:49 - [TEST_CASE][PASSED] - Test Cases/MoLeaWiz/Login/Negative Case/TCML07 - User Login with empty Your Answer: Test Cases/MoLeaWiz/Login/Negative Case/TCML07 - User Login with empty Your Answer

2023-10-13 15:38:50 - [TEST_STEP][PASSED] - openBrowser(base_url): Browser is opened with url: 'https://moleawiz-web-dev.digimasia.com'

2023-10-13 15:38:50 - [MESSAGE][INFO] - Starting 'Chrome' driver

2023-10-13 15:38:50 - [MESSAGE][INFO] - User set preference: ['args', '[--start-maximized]']

2023-10-13 15:38:50 - [MESSAGE][INFO] - Action delay is set to 0 milliseconds

2023-10-13 15:39:03 - [MESSAGE][PASSED] - Browser is opened with url: 'https://moleawiz-web-dev.digimasia.com'

2023-10-13 15:39:03 - [TEST_STEP][PASSED] - setText(findTestObject("Object Login/input_Username_Login"), usernameMoLeaWizOutlook): Text 'hafizh@digimasia.com' is set on object 'Object Repository/Object Login/input_Username_Login'

2023-10-13 15:39:06 - [MESSAGE][PASSED] - Text 'hafizh@digimasia.com' is set on object 'Object Repository/Object Login/input_Username_Login'

2023-10-13 15:39:06 - [TEST_STEP][PASSED] - setText(findTestObject("Object Login/input_Password_Login"), passwordMoLeaWizOutlook): Text '12345' is set on object 'Object Repository/Object Login/input_Password_Login'

2023-10-13 15:39:07 - [MESSAGE][PASSED] - Text '12345' is set on object 'Object Repository/Object Login/input_Password_Login'

2023-10-13 15:39:07 - [TEST_STEP][PASSED] - click(findTestObject("Object Login/btn_login")): Object: 'Object Repository/Object Login/btn_login' is clicked on

2023-10-13 15:39:08 - [MESSAGE][PASSED] - Object: 'Object Repository/Object Login/btn_login' is clicked on

2023-10-13 15:39:08 - [TEST_STEP][PASSED] - verifyElementPresent(findTestObject("Object Login/verify_Unsuccessfully_Login - Please fill your answer"), 0): Object 'Object Repository/Object Login/verify_Unsuccessfully_Login - Please fill your answer' is present

2023-10-13 15:39:08 - [MESSAGE][WARNING] - Timeout '0' is invalid. Using default page load timeout: '30'

2023-10-13 15:39:09 - [MESSAGE][PASSED] - Object 'Object Repository/Object Login/verify_Unsuccessfully_Login - Please fill your answer' is present

2023-10-13 15:39:09 - [TEST_STEP][PASSED] - delay(2): Delayed 2 second(s)

2023-10-13 15:39:11 - [MESSAGE][PASSED] - Delayed 2 second(s)

2023-10-13 15:39:11 - [TEST_STEP][PASSED] - closeBrowser(): Browser is closed

2023-10-13 15:39:12 - [MESSAGE][PASSED] - Browser is closed]]></system-out>
         <system-err><![CDATA[]]></system-err>
      </testcase>
      <testcase name="Test Cases/MoLeaWiz/Login/Negative Case/TCML08 - User cant login because to many try login with invalid username and password" time="73.003" classname="Test Cases/MoLeaWiz/Login/Negative Case/TCML08 - User cant login because to many try login with invalid username and password" status="FAILED">
         <failure type="FAILED" message="Test Cases/MoLeaWiz/Login/Negative Case/TCML08 - User cant login because to many try login with invalid username and password FAILED.
Reason:
com.kms.katalon.core.exception.StepFailedException: Unable to verify object 'Object Repository/Object Login/verify_Unsuccessfully_Login - Too many failed login attempts Please try again in 1 minutes' is visible
	at com.kms.katalon.core.webui.keyword.internal.WebUIKeywordMain.stepFailed(WebUIKeywordMain.groovy:64)
	at com.kms.katalon.core.webui.keyword.internal.WebUIKeywordMain.runKeyword(WebUIKeywordMain.groovy:26)
	at com.kms.katalon.core.webui.keyword.builtin.VerifyElementVisibleKeyword.verifyElementVisible(VerifyElementVisibleKeyword.groovy:97)
	at com.kms.katalon.core.webui.keyword.builtin.VerifyElementVisibleKeyword.execute(VerifyElementVisibleKeyword.groovy:67)
	at com.kms.katalon.core.keyword.internal.KeywordExecutor.executeKeywordForPlatform(KeywordExecutor.groovy:74)
	at com.kms.katalon.core.webui.keyword.WebUiBuiltInKeywords.verifyElementVisible(WebUiBuiltInKeywords.groovy:362)
	at com.kms.katalon.core.webui.keyword.WebUiBuiltInKeywords$verifyElementVisible$1.call(Unknown Source)
	at TCML08 - User cant login because to many try login with invalid username and password.run(TCML08 - User cant login because to many try login with invalid username and password:46)
	at com.kms.katalon.core.main.ScriptEngine.run(ScriptEngine.java:194)
	at com.kms.katalon.core.main.ScriptEngine.runScriptAsRawText(ScriptEngine.java:119)
	at com.kms.katalon.core.main.TestCaseExecutor.runScript(TestCaseExecutor.java:448)
	at com.kms.katalon.core.main.TestCaseExecutor.doExecute(TestCaseExecutor.java:439)
	at com.kms.katalon.core.main.TestCaseExecutor.processExecutionPhase(TestCaseExecutor.java:418)
	at com.kms.katalon.core.main.TestCaseExecutor.accessMainPhase(TestCaseExecutor.java:410)
	at com.kms.katalon.core.main.TestCaseExecutor.execute(TestCaseExecutor.java:285)
	at com.kms.katalon.core.common.CommonExecutor.accessTestCaseMainPhase(CommonExecutor.java:65)
	at com.kms.katalon.core.main.TestSuiteExecutor.accessTestSuiteMainPhase(TestSuiteExecutor.java:148)
	at com.kms.katalon.core.main.TestSuiteExecutor.execute(TestSuiteExecutor.java:106)
	at com.kms.katalon.core.main.TestCaseMain.startTestSuite(TestCaseMain.java:187)
	at com.kms.katalon.core.main.TestCaseMain$startTestSuite$0.call(Unknown Source)
	at TempTestSuite1697186148716.run(TempTestSuite1697186148716.groovy:36)
Caused by: com.kms.katalon.core.exception.StepFailedException: Web element with id: 'Object Repository/Object Login/verify_Unsuccessfully_Login - Too many failed login attempts Please try again in 1 minutes' located by '//*[(text() = 'Too many failed login attempts. Please try again in 1 minutes.' or . = 'Too many failed login attempts. Please try again in 1 minutes.')]' not found
	at com.kms.katalon.core.webui.keyword.internal.WebUIKeywordMain.stepFailed(WebUIKeywordMain.groovy:64)
	at com.kms.katalon.core.webui.keyword.builtin.VerifyElementVisibleKeyword$_verifyElementVisible_closure1.doCall(VerifyElementVisibleKeyword.groovy:89)
	at com.kms.katalon.core.webui.keyword.builtin.VerifyElementVisibleKeyword$_verifyElementVisible_closure1.call(VerifyElementVisibleKeyword.groovy)
	at com.kms.katalon.core.webui.keyword.internal.WebUIKeywordMain.runKeyword(WebUIKeywordMain.groovy:20)
	... 19 more
"/>
         <system-out><![CDATA[2023-10-13 15:39:12 - [TEST_CASE][FAILED] - Test Cases/MoLeaWiz/Login/Negative Case/TCML08 - User cant login because to many try login with invalid username and password: Test Cases/MoLeaWiz/Login/Negative Case/TCML08 - User cant login because to many try login with invalid username and password FAILED.
Reason:
com.kms.katalon.core.exception.StepFailedException: Unable to verify object 'Object Repository/Object Login/verify_Unsuccessfully_Login - Too many failed login attempts Please try again in 1 minutes' is visible
	at com.kms.katalon.core.webui.keyword.internal.WebUIKeywordMain.stepFailed(WebUIKeywordMain.groovy:64)
	at com.kms.katalon.core.webui.keyword.internal.WebUIKeywordMain.runKeyword(WebUIKeywordMain.groovy:26)
	at com.kms.katalon.core.webui.keyword.builtin.VerifyElementVisibleKeyword.verifyElementVisible(VerifyElementVisibleKeyword.groovy:97)
	at com.kms.katalon.core.webui.keyword.builtin.VerifyElementVisibleKeyword.execute(VerifyElementVisibleKeyword.groovy:67)
	at com.kms.katalon.core.keyword.internal.KeywordExecutor.executeKeywordForPlatform(KeywordExecutor.groovy:74)
	at com.kms.katalon.core.webui.keyword.WebUiBuiltInKeywords.verifyElementVisible(WebUiBuiltInKeywords.groovy:362)
	at com.kms.katalon.core.webui.keyword.WebUiBuiltInKeywords$verifyElementVisible$1.call(Unknown Source)
	at TCML08 - User cant login because to many try login with invalid username and password.run(TCML08 - User cant login because to many try login with invalid username and password:46)
	at com.kms.katalon.core.main.ScriptEngine.run(ScriptEngine.java:194)
	at com.kms.katalon.core.main.ScriptEngine.runScriptAsRawText(ScriptEngine.java:119)
	at com.kms.katalon.core.main.TestCaseExecutor.runScript(TestCaseExecutor.java:448)
	at com.kms.katalon.core.main.TestCaseExecutor.doExecute(TestCaseExecutor.java:439)
	at com.kms.katalon.core.main.TestCaseExecutor.processExecutionPhase(TestCaseExecutor.java:418)
	at com.kms.katalon.core.main.TestCaseExecutor.accessMainPhase(TestCaseExecutor.java:410)
	at com.kms.katalon.core.main.TestCaseExecutor.execute(TestCaseExecutor.java:285)
	at com.kms.katalon.core.common.CommonExecutor.accessTestCaseMainPhase(CommonExecutor.java:65)
	at com.kms.katalon.core.main.TestSuiteExecutor.accessTestSuiteMainPhase(TestSuiteExecutor.java:148)
	at com.kms.katalon.core.main.TestSuiteExecutor.execute(TestSuiteExecutor.java:106)
	at com.kms.katalon.core.main.TestCaseMain.startTestSuite(TestCaseMain.java:187)
	at com.kms.katalon.core.main.TestCaseMain$startTestSuite$0.call(Unknown Source)
	at TempTestSuite1697186148716.run(TempTestSuite1697186148716.groovy:36)
Caused by: com.kms.katalon.core.exception.StepFailedException: Web element with id: 'Object Repository/Object Login/verify_Unsuccessfully_Login - Too many failed login attempts Please try again in 1 minutes' located by '//*[(text() = 'Too many failed login attempts. Please try again in 1 minutes.' or . = 'Too many failed login attempts. Please try again in 1 minutes.')]' not found
	at com.kms.katalon.core.webui.keyword.internal.WebUIKeywordMain.stepFailed(WebUIKeywordMain.groovy:64)
	at com.kms.katalon.core.webui.keyword.builtin.VerifyElementVisibleKeyword$_verifyElementVisible_closure1.doCall(VerifyElementVisibleKeyword.groovy:89)
	at com.kms.katalon.core.webui.keyword.builtin.VerifyElementVisibleKeyword$_verifyElementVisible_closure1.call(VerifyElementVisibleKeyword.groovy)
	at com.kms.katalon.core.webui.keyword.internal.WebUIKeywordMain.runKeyword(WebUIKeywordMain.groovy:20)
	... 19 more


2023-10-13 15:39:13 - [TEST_STEP][PASSED] - openBrowser(base_url): Browser is opened with url: 'https://moleawiz-web-dev.digimasia.com'

2023-10-13 15:39:13 - [MESSAGE][INFO] - Starting 'Chrome' driver

2023-10-13 15:39:13 - [MESSAGE][INFO] - User set preference: ['args', '[--start-maximized]']

2023-10-13 15:39:13 - [MESSAGE][INFO] - Action delay is set to 0 milliseconds

2023-10-13 15:39:31 - [MESSAGE][PASSED] - Browser is opened with url: 'https://moleawiz-web-dev.digimasia.com'

2023-10-13 15:39:31 - [TEST_STEP][PASSED] - setText(findTestObject("Object Login/input_Username_Login"), invalidUsername): Text 'test123' is set on object 'Object Repository/Object Login/input_Username_Login'

2023-10-13 15:39:35 - [MESSAGE][PASSED] - Text 'test123' is set on object 'Object Repository/Object Login/input_Username_Login'

2023-10-13 15:39:35 - [TEST_STEP][PASSED] - setText(findTestObject("Object Login/input_Password_Login"), invalidPassword): Text '123' is set on object 'Object Repository/Object Login/input_Password_Login'

2023-10-13 15:39:37 - [MESSAGE][PASSED] - Text '123' is set on object 'Object Repository/Object Login/input_Password_Login'

2023-10-13 15:39:37 - [TEST_STEP][PASSED] - comment("function captcha your answer"): function captcha your answer

2023-10-13 15:39:37 - [MESSAGE][INFO] - function captcha your answer

2023-10-13 15:39:37 - [TEST_STEP][PASSED] - keywordFunctionLogin.FunctionCaptchaLogin.automationCaptcha(): keywordFunctionLogin.FunctionCaptchaLogin.automationCaptcha is PASSED

2023-10-13 15:39:38 - [MESSAGE][PASSED] - Text of object 'Object Repository/Object Login/captcha_Num1_Login' is: '11'

2023-10-13 15:39:38 - [MESSAGE][PASSED] - Text of object 'Object Repository/Object Login/captcha_Num2_Login' is: '8'

2023-10-13 15:39:39 - [MESSAGE][PASSED] - Keys '19' sent to object: 'Object Repository/Object Login/input_Captcha_Your_Answer_Login'

2023-10-13 15:39:39 - [MESSAGE][PASSED] - keywordFunctionLogin.FunctionCaptchaLogin.automationCaptcha is PASSED

2023-10-13 15:39:39 - [TEST_STEP][PASSED] - click(findTestObject("Object Login/btn_login")): Object: 'Object Repository/Object Login/btn_login' is clicked on

2023-10-13 15:39:41 - [MESSAGE][PASSED] - Object: 'Object Repository/Object Login/btn_login' is clicked on

2023-10-13 15:39:41 - [TEST_STEP][PASSED] - delay(2): Delayed 2 second(s)

2023-10-13 15:39:43 - [MESSAGE][PASSED] - Delayed 2 second(s)

2023-10-13 15:39:43 - [TEST_STEP][PASSED] - click(findTestObject("Object Login/btn_login")): Object: 'Object Repository/Object Login/btn_login' is clicked on

2023-10-13 15:39:44 - [MESSAGE][PASSED] - Object: 'Object Repository/Object Login/btn_login' is clicked on

2023-10-13 15:39:44 - [TEST_STEP][PASSED] - delay(2): Delayed 2 second(s)

2023-10-13 15:39:46 - [MESSAGE][PASSED] - Delayed 2 second(s)

2023-10-13 15:39:46 - [TEST_STEP][PASSED] - click(findTestObject("Object Login/btn_login")): Object: 'Object Repository/Object Login/btn_login' is clicked on

2023-10-13 15:39:47 - [MESSAGE][PASSED] - Object: 'Object Repository/Object Login/btn_login' is clicked on

2023-10-13 15:39:47 - [TEST_STEP][PASSED] - delay(2): Delayed 2 second(s)

2023-10-13 15:39:49 - [MESSAGE][PASSED] - Delayed 2 second(s)

2023-10-13 15:39:49 - [TEST_STEP][PASSED] - click(findTestObject("Object Login/btn_login")): Object: 'Object Repository/Object Login/btn_login' is clicked on

2023-10-13 15:39:50 - [MESSAGE][PASSED] - Object: 'Object Repository/Object Login/btn_login' is clicked on

2023-10-13 15:39:50 - [TEST_STEP][PASSED] - delay(2): Delayed 2 second(s)

2023-10-13 15:39:52 - [MESSAGE][PASSED] - Delayed 2 second(s)

2023-10-13 15:39:52 - [TEST_STEP][FAILED] - verifyElementVisible(findTestObject("Object Login/verify_Unsuccessfully_Login - Too many failed login attempts Please try again in 1 minutes"), STOP_ON_FAILURE): Unable to verify object 'Object Repository/Object Login/verify_Unsuccessfully_Login - Too many failed login attempts Please try again in 1 minutes' is visible (Root cause: com.kms.katalon.core.exception.StepFailedException: Unable to verify object 'Object Repository/Object Login/verify_Unsuccessfully_Login - Too many failed login attempts Please try again in 1 minutes' is visible
	at com.kms.katalon.core.webui.keyword.internal.WebUIKeywordMain.stepFailed(WebUIKeywordMain.groovy:64)
	at com.kms.katalon.core.webui.keyword.internal.WebUIKeywordMain.runKeyword(WebUIKeywordMain.groovy:26)
	at com.kms.katalon.core.webui.keyword.builtin.VerifyElementVisibleKeyword.verifyElementVisible(VerifyElementVisibleKeyword.groovy:97)
	at com.kms.katalon.core.webui.keyword.builtin.VerifyElementVisibleKeyword.execute(VerifyElementVisibleKeyword.groovy:67)
	at com.kms.katalon.core.keyword.internal.KeywordExecutor.executeKeywordForPlatform(KeywordExecutor.groovy:74)
	at com.kms.katalon.core.webui.keyword.WebUiBuiltInKeywords.verifyElementVisible(WebUiBuiltInKeywords.groovy:362)
	at com.kms.katalon.core.webui.keyword.WebUiBuiltInKeywords$verifyElementVisible$1.call(Unknown Source)
	at TCML08 - User cant login because to many try login with invalid username and password.run(TCML08 - User cant login because to many try login with invalid username and password:46)
	at com.kms.katalon.core.main.ScriptEngine.run(ScriptEngine.java:194)
	at com.kms.katalon.core.main.ScriptEngine.runScriptAsRawText(ScriptEngine.java:119)
	at com.kms.katalon.core.main.TestCaseExecutor.runScript(TestCaseExecutor.java:448)
	at com.kms.katalon.core.main.TestCaseExecutor.doExecute(TestCaseExecutor.java:439)
	at com.kms.katalon.core.main.TestCaseExecutor.processExecutionPhase(TestCaseExecutor.java:418)
	at com.kms.katalon.core.main.TestCaseExecutor.accessMainPhase(TestCaseExecutor.java:410)
	at com.kms.katalon.core.main.TestCaseExecutor.execute(TestCaseExecutor.java:285)
	at com.kms.katalon.core.common.CommonExecutor.accessTestCaseMainPhase(CommonExecutor.java:65)
	at com.kms.katalon.core.main.TestSuiteExecutor.accessTestSuiteMainPhase(TestSuiteExecutor.java:148)
	at com.kms.katalon.core.main.TestSuiteExecutor.execute(TestSuiteExecutor.java:106)
	at com.kms.katalon.core.main.TestCaseMain.startTestSuite(TestCaseMain.java:187)
	at com.kms.katalon.core.main.TestCaseMain$startTestSuite$0.call(Unknown Source)
	at TempTestSuite1697186148716.run(TempTestSuite1697186148716.groovy:36)
Caused by: com.kms.katalon.core.exception.StepFailedException: Web element with id: 'Object Repository/Object Login/verify_Unsuccessfully_Login - Too many failed login attempts Please try again in 1 minutes' located by '//*[(text() = 'Too many failed login attempts. Please try again in 1 minutes.' or . = 'Too many failed login attempts. Please try again in 1 minutes.')]' not found
	at com.kms.katalon.core.webui.keyword.internal.WebUIKeywordMain.stepFailed(WebUIKeywordMain.groovy:64)
	at com.kms.katalon.core.webui.keyword.builtin.VerifyElementVisibleKeyword$_verifyElementVisible_closure1.doCall(VerifyElementVisibleKeyword.groovy:89)
	at com.kms.katalon.core.webui.keyword.builtin.VerifyElementVisibleKeyword$_verifyElementVisible_closure1.call(VerifyElementVisibleKeyword.groovy)
	at com.kms.katalon.core.webui.keyword.internal.WebUIKeywordMain.runKeyword(WebUIKeywordMain.groovy:20)
	... 19 more
)

2023-10-13 15:40:23 - [MESSAGE][INFO] - Unable to find the element located by 'By.xpath: //*[(text() = 'Too many failed login attempts. Please try again in 1 minutes.' or . = 'Too many failed login attempts. Please try again in 1 minutes.')]'. Please recheck the objects properties to make sure the desired element is located. 

2023-10-13 15:40:24 - [MESSAGE][FAILED] - Web element with id: 'Object Repository/Object Login/verify_Unsuccessfully_Login - Too many failed login attempts Please try again in 1 minutes' located by '//*[(text() = 'Too many failed login attempts. Please try again in 1 minutes.' or . = 'Too many failed login attempts. Please try again in 1 minutes.')]' not found (Root cause: com.kms.katalon.core.exception.StepFailedException: Web element with id: 'Object Repository/Object Login/verify_Unsuccessfully_Login - Too many failed login attempts Please try again in 1 minutes' located by '//*[(text() = 'Too many failed login attempts. Please try again in 1 minutes.' or . = 'Too many failed login attempts. Please try again in 1 minutes.')]' not found
	at com.kms.katalon.core.webui.keyword.internal.WebUIKeywordMain.stepFailed(WebUIKeywordMain.groovy:64)
	at com.kms.katalon.core.webui.keyword.builtin.VerifyElementVisibleKeyword$_verifyElementVisible_closure1.doCall(VerifyElementVisibleKeyword.groovy:89)
	at com.kms.katalon.core.webui.keyword.builtin.VerifyElementVisibleKeyword$_verifyElementVisible_closure1.call(VerifyElementVisibleKeyword.groovy)
	at com.kms.katalon.core.webui.keyword.internal.WebUIKeywordMain.runKeyword(WebUIKeywordMain.groovy:20)
	at com.kms.katalon.core.webui.keyword.builtin.VerifyElementVisibleKeyword.verifyElementVisible(VerifyElementVisibleKeyword.groovy:97)
	at com.kms.katalon.core.webui.keyword.builtin.VerifyElementVisibleKeyword.execute(VerifyElementVisibleKeyword.groovy:67)
	at com.kms.katalon.core.keyword.internal.KeywordExecutor.executeKeywordForPlatform(KeywordExecutor.groovy:74)
	at com.kms.katalon.core.webui.keyword.WebUiBuiltInKeywords.verifyElementVisible(WebUiBuiltInKeywords.groovy:362)
	at com.kms.katalon.core.webui.keyword.WebUiBuiltInKeywords$verifyElementVisible$1.call(Unknown Source)
	at TCML08 - User cant login because to many try login with invalid username and password.run(TCML08 - User cant login because to many try login with invalid username and password:46)
	at com.kms.katalon.core.main.ScriptEngine.run(ScriptEngine.java:194)
	at com.kms.katalon.core.main.ScriptEngine.runScriptAsRawText(ScriptEngine.java:119)
	at com.kms.katalon.core.main.TestCaseExecutor.runScript(TestCaseExecutor.java:448)
	at com.kms.katalon.core.main.TestCaseExecutor.doExecute(TestCaseExecutor.java:439)
	at com.kms.katalon.core.main.TestCaseExecutor.processExecutionPhase(TestCaseExecutor.java:418)
	at com.kms.katalon.core.main.TestCaseExecutor.accessMainPhase(TestCaseExecutor.java:410)
	at com.kms.katalon.core.main.TestCaseExecutor.execute(TestCaseExecutor.java:285)
	at com.kms.katalon.core.common.CommonExecutor.accessTestCaseMainPhase(CommonExecutor.java:65)
	at com.kms.katalon.core.main.TestSuiteExecutor.accessTestSuiteMainPhase(TestSuiteExecutor.java:148)
	at com.kms.katalon.core.main.TestSuiteExecutor.execute(TestSuiteExecutor.java:106)
	at com.kms.katalon.core.main.TestCaseMain.startTestSuite(TestCaseMain.java:187)
	at com.kms.katalon.core.main.TestCaseMain$startTestSuite$0.call(Unknown Source)
	at TempTestSuite1697186148716.run(TempTestSuite1697186148716.groovy:36)
)
[[ATTACHMENT|C:\\Users\\User\\git\\moleawiz_web_katalon_automation\\Reports\\20231013_153548\\MoLeaWiz\\Login\\Negative Case\\Negative Case - Login\\20231013_153548\\1697186423868.png]]

2023-10-13 15:40:25 - [MESSAGE][FAILED] - Unable to verify object 'Object Repository/Object Login/verify_Unsuccessfully_Login - Too many failed login attempts Please try again in 1 minutes' is visible (Root cause: com.kms.katalon.core.exception.StepFailedException: Unable to verify object 'Object Repository/Object Login/verify_Unsuccessfully_Login - Too many failed login attempts Please try again in 1 minutes' is visible
	at com.kms.katalon.core.webui.keyword.internal.WebUIKeywordMain.stepFailed(WebUIKeywordMain.groovy:64)
	at com.kms.katalon.core.webui.keyword.internal.WebUIKeywordMain.runKeyword(WebUIKeywordMain.groovy:26)
	at com.kms.katalon.core.webui.keyword.builtin.VerifyElementVisibleKeyword.verifyElementVisible(VerifyElementVisibleKeyword.groovy:97)
	at com.kms.katalon.core.webui.keyword.builtin.VerifyElementVisibleKeyword.execute(VerifyElementVisibleKeyword.groovy:67)
	at com.kms.katalon.core.keyword.internal.KeywordExecutor.executeKeywordForPlatform(KeywordExecutor.groovy:74)
	at com.kms.katalon.core.webui.keyword.WebUiBuiltInKeywords.verifyElementVisible(WebUiBuiltInKeywords.groovy:362)
	at com.kms.katalon.core.webui.keyword.WebUiBuiltInKeywords$verifyElementVisible$1.call(Unknown Source)
	at TCML08 - User cant login because to many try login with invalid username and password.run(TCML08 - User cant login because to many try login with invalid username and password:46)
	at com.kms.katalon.core.main.ScriptEngine.run(ScriptEngine.java:194)
	at com.kms.katalon.core.main.ScriptEngine.runScriptAsRawText(ScriptEngine.java:119)
	at com.kms.katalon.core.main.TestCaseExecutor.runScript(TestCaseExecutor.java:448)
	at com.kms.katalon.core.main.TestCaseExecutor.doExecute(TestCaseExecutor.java:439)
	at com.kms.katalon.core.main.TestCaseExecutor.processExecutionPhase(TestCaseExecutor.java:418)
	at com.kms.katalon.core.main.TestCaseExecutor.accessMainPhase(TestCaseExecutor.java:410)
	at com.kms.katalon.core.main.TestCaseExecutor.execute(TestCaseExecutor.java:285)
	at com.kms.katalon.core.common.CommonExecutor.accessTestCaseMainPhase(CommonExecutor.java:65)
	at com.kms.katalon.core.main.TestSuiteExecutor.accessTestSuiteMainPhase(TestSuiteExecutor.java:148)
	at com.kms.katalon.core.main.TestSuiteExecutor.execute(TestSuiteExecutor.java:106)
	at com.kms.katalon.core.main.TestCaseMain.startTestSuite(TestCaseMain.java:187)
	at com.kms.katalon.core.main.TestCaseMain$startTestSuite$0.call(Unknown Source)
	at TempTestSuite1697186148716.run(TempTestSuite1697186148716.groovy:36)
Caused by: com.kms.katalon.core.exception.StepFailedException: Web element with id: 'Object Repository/Object Login/verify_Unsuccessfully_Login - Too many failed login attempts Please try again in 1 minutes' located by '//*[(text() = 'Too many failed login attempts. Please try again in 1 minutes.' or . = 'Too many failed login attempts. Please try again in 1 minutes.')]' not found
	at com.kms.katalon.core.webui.keyword.internal.WebUIKeywordMain.stepFailed(WebUIKeywordMain.groovy:64)
	at com.kms.katalon.core.webui.keyword.builtin.VerifyElementVisibleKeyword$_verifyElementVisible_closure1.doCall(VerifyElementVisibleKeyword.groovy:89)
	at com.kms.katalon.core.webui.keyword.builtin.VerifyElementVisibleKeyword$_verifyElementVisible_closure1.call(VerifyElementVisibleKeyword.groovy)
	at com.kms.katalon.core.webui.keyword.internal.WebUIKeywordMain.runKeyword(WebUIKeywordMain.groovy:20)
	... 19 more
)
[[ATTACHMENT|C:\\Users\\User\\git\\moleawiz_web_katalon_automation\\Reports\\20231013_153548\\MoLeaWiz\\Login\\Negative Case\\Negative Case - Login\\20231013_153548\\1697186424688.png]]]]></system-out>
         <system-err><![CDATA[2023-10-13 15:39:12 - [TEST_CASE][FAILED] - Test Cases/MoLeaWiz/Login/Negative Case/TCML08 - User cant login because to many try login with invalid username and password: Test Cases/MoLeaWiz/Login/Negative Case/TCML08 - User cant login because to many try login with invalid username and password FAILED.
Reason:
com.kms.katalon.core.exception.StepFailedException: Unable to verify object 'Object Repository/Object Login/verify_Unsuccessfully_Login - Too many failed login attempts Please try again in 1 minutes' is visible
	at com.kms.katalon.core.webui.keyword.internal.WebUIKeywordMain.stepFailed(WebUIKeywordMain.groovy:64)
	at com.kms.katalon.core.webui.keyword.internal.WebUIKeywordMain.runKeyword(WebUIKeywordMain.groovy:26)
	at com.kms.katalon.core.webui.keyword.builtin.VerifyElementVisibleKeyword.verifyElementVisible(VerifyElementVisibleKeyword.groovy:97)
	at com.kms.katalon.core.webui.keyword.builtin.VerifyElementVisibleKeyword.execute(VerifyElementVisibleKeyword.groovy:67)
	at com.kms.katalon.core.keyword.internal.KeywordExecutor.executeKeywordForPlatform(KeywordExecutor.groovy:74)
	at com.kms.katalon.core.webui.keyword.WebUiBuiltInKeywords.verifyElementVisible(WebUiBuiltInKeywords.groovy:362)
	at com.kms.katalon.core.webui.keyword.WebUiBuiltInKeywords$verifyElementVisible$1.call(Unknown Source)
	at TCML08 - User cant login because to many try login with invalid username and password.run(TCML08 - User cant login because to many try login with invalid username and password:46)
	at com.kms.katalon.core.main.ScriptEngine.run(ScriptEngine.java:194)
	at com.kms.katalon.core.main.ScriptEngine.runScriptAsRawText(ScriptEngine.java:119)
	at com.kms.katalon.core.main.TestCaseExecutor.runScript(TestCaseExecutor.java:448)
	at com.kms.katalon.core.main.TestCaseExecutor.doExecute(TestCaseExecutor.java:439)
	at com.kms.katalon.core.main.TestCaseExecutor.processExecutionPhase(TestCaseExecutor.java:418)
	at com.kms.katalon.core.main.TestCaseExecutor.accessMainPhase(TestCaseExecutor.java:410)
	at com.kms.katalon.core.main.TestCaseExecutor.execute(TestCaseExecutor.java:285)
	at com.kms.katalon.core.common.CommonExecutor.accessTestCaseMainPhase(CommonExecutor.java:65)
	at com.kms.katalon.core.main.TestSuiteExecutor.accessTestSuiteMainPhase(TestSuiteExecutor.java:148)
	at com.kms.katalon.core.main.TestSuiteExecutor.execute(TestSuiteExecutor.java:106)
	at com.kms.katalon.core.main.TestCaseMain.startTestSuite(TestCaseMain.java:187)
	at com.kms.katalon.core.main.TestCaseMain$startTestSuite$0.call(Unknown Source)
	at TempTestSuite1697186148716.run(TempTestSuite1697186148716.groovy:36)
Caused by: com.kms.katalon.core.exception.StepFailedException: Web element with id: 'Object Repository/Object Login/verify_Unsuccessfully_Login - Too many failed login attempts Please try again in 1 minutes' located by '//*[(text() = 'Too many failed login attempts. Please try again in 1 minutes.' or . = 'Too many failed login attempts. Please try again in 1 minutes.')]' not found
	at com.kms.katalon.core.webui.keyword.internal.WebUIKeywordMain.stepFailed(WebUIKeywordMain.groovy:64)
	at com.kms.katalon.core.webui.keyword.builtin.VerifyElementVisibleKeyword$_verifyElementVisible_closure1.doCall(VerifyElementVisibleKeyword.groovy:89)
	at com.kms.katalon.core.webui.keyword.builtin.VerifyElementVisibleKeyword$_verifyElementVisible_closure1.call(VerifyElementVisibleKeyword.groovy)
	at com.kms.katalon.core.webui.keyword.internal.WebUIKeywordMain.runKeyword(WebUIKeywordMain.groovy:20)
	... 19 more]]></system-err>
      </testcase>
      <system-out><![CDATA[2023-10-13 15:35:57 - [TEST_SUITE][FAILED] - Negative Case - Login: Test Cases/MoLeaWiz/Login/Negative Case/TCML04 - User cant Login with valid username and empty Password and Your answer FAILED.
Reason:
com.kms.katalon.core.exception.StepFailedException: Unable to verify object 'Object Repository/Object Login/verify_Unsuccessfully_Login - Please fill your username and answer' is present
	at com.kms.katalon.core.webui.keyword.internal.WebUIKeywordMain.stepFailed(WebUIKeywordMain.groovy:64)
	at com.kms.katalon.core.webui.keyword.internal.WebUIKeywordMain.runKeyword(WebUIKeywordMain.groovy:26)
	at com.kms.katalon.core.webui.keyword.builtin.VerifyElementPresentKeyword.verifyElementPresent(VerifyElementPresentKeyword.groovy:92)
	at com.kms.katalon.core.webui.keyword.builtin.VerifyElementPresentKeyword.execute(VerifyElementPresentKeyword.groovy:68)
	at com.kms.katalon.core.keyword.internal.KeywordExecutor.executeKeywordForPlatform(KeywordExecutor.groovy:74)
	at com.kms.katalon.core.webui.keyword.WebUiBuiltInKeywords.verifyElementPresent(WebUiBuiltInKeywords.groovy:1464)
	at com.kms.katalon.core.webui.keyword.WebUiBuiltInKeywords$verifyElementPresent$4.call(Unknown Source)
	at TCML04 - User cant Login with valid username and empty Password and Your answer.run(TCML04 - User cant Login with valid username and empty Password and Your answer:26)
	at com.kms.katalon.core.main.ScriptEngine.run(ScriptEngine.java:194)
	at com.kms.katalon.core.main.ScriptEngine.runScriptAsRawText(ScriptEngine.java:119)
	at com.kms.katalon.core.main.TestCaseExecutor.runScript(TestCaseExecutor.java:448)
	at com.kms.katalon.core.main.TestCaseExecutor.doExecute(TestCaseExecutor.java:439)
	at com.kms.katalon.core.main.TestCaseExecutor.processExecutionPhase(TestCaseExecutor.java:418)
	at com.kms.katalon.core.main.TestCaseExecutor.accessMainPhase(TestCaseExecutor.java:410)
	at com.kms.katalon.core.main.TestCaseExecutor.execute(TestCaseExecutor.java:285)
	at com.kms.katalon.core.common.CommonExecutor.accessTestCaseMainPhase(CommonExecutor.java:65)
	at com.kms.katalon.core.main.TestSuiteExecutor.accessTestSuiteMainPhase(TestSuiteExecutor.java:148)
	at com.kms.katalon.core.main.TestSuiteExecutor.execute(TestSuiteExecutor.java:106)
	at com.kms.katalon.core.main.TestCaseMain.startTestSuite(TestCaseMain.java:187)
	at com.kms.katalon.core.main.TestCaseMain$startTestSuite$0.call(Unknown Source)
	at TempTestSuite1697186148716.run(TempTestSuite1697186148716.groovy:36)
Caused by: com.kms.katalon.core.exception.StepFailedException: com.kms.katalon.core.webui.exception.WebElementNotFoundException: Web element with id: 'Object Repository/Object Login/verify_Unsuccessfully_Login - Please fill your username and answer' located by '//*[(text() = 'Please fill your username dan password' or . = 'Please fill your username dan password')]' not found
	at com.kms.katalon.core.webui.keyword.internal.WebUIKeywordMain.stepFailed(WebUIKeywordMain.groovy:64)
	at com.kms.katalon.core.webui.keyword.builtin.VerifyElementPresentKeyword$_verifyElementPresent_closure1.doCall(VerifyElementPresentKeyword.groovy:85)
	at com.kms.katalon.core.webui.keyword.builtin.VerifyElementPresentKeyword$_verifyElementPresent_closure1.call(VerifyElementPresentKeyword.groovy)
	at com.kms.katalon.core.webui.keyword.internal.WebUIKeywordMain.runKeyword(WebUIKeywordMain.groovy:20)
	... 19 more]]></system-out>
      <system-err><![CDATA[2023-10-13 15:35:57 - [TEST_SUITE][FAILED] - Negative Case - Login: Test Cases/MoLeaWiz/Login/Negative Case/TCML04 - User cant Login with valid username and empty Password and Your answer FAILED.
Reason:
com.kms.katalon.core.exception.StepFailedException: Unable to verify object 'Object Repository/Object Login/verify_Unsuccessfully_Login - Please fill your username and answer' is present
	at com.kms.katalon.core.webui.keyword.internal.WebUIKeywordMain.stepFailed(WebUIKeywordMain.groovy:64)
	at com.kms.katalon.core.webui.keyword.internal.WebUIKeywordMain.runKeyword(WebUIKeywordMain.groovy:26)
	at com.kms.katalon.core.webui.keyword.builtin.VerifyElementPresentKeyword.verifyElementPresent(VerifyElementPresentKeyword.groovy:92)
	at com.kms.katalon.core.webui.keyword.builtin.VerifyElementPresentKeyword.execute(VerifyElementPresentKeyword.groovy:68)
	at com.kms.katalon.core.keyword.internal.KeywordExecutor.executeKeywordForPlatform(KeywordExecutor.groovy:74)
	at com.kms.katalon.core.webui.keyword.WebUiBuiltInKeywords.verifyElementPresent(WebUiBuiltInKeywords.groovy:1464)
	at com.kms.katalon.core.webui.keyword.WebUiBuiltInKeywords$verifyElementPresent$4.call(Unknown Source)
	at TCML04 - User cant Login with valid username and empty Password and Your answer.run(TCML04 - User cant Login with valid username and empty Password and Your answer:26)
	at com.kms.katalon.core.main.ScriptEngine.run(ScriptEngine.java:194)
	at com.kms.katalon.core.main.ScriptEngine.runScriptAsRawText(ScriptEngine.java:119)
	at com.kms.katalon.core.main.TestCaseExecutor.runScript(TestCaseExecutor.java:448)
	at com.kms.katalon.core.main.TestCaseExecutor.doExecute(TestCaseExecutor.java:439)
	at com.kms.katalon.core.main.TestCaseExecutor.processExecutionPhase(TestCaseExecutor.java:418)
	at com.kms.katalon.core.main.TestCaseExecutor.accessMainPhase(TestCaseExecutor.java:410)
	at com.kms.katalon.core.main.TestCaseExecutor.execute(TestCaseExecutor.java:285)
	at com.kms.katalon.core.common.CommonExecutor.accessTestCaseMainPhase(CommonExecutor.java:65)
	at com.kms.katalon.core.main.TestSuiteExecutor.accessTestSuiteMainPhase(TestSuiteExecutor.java:148)
	at com.kms.katalon.core.main.TestSuiteExecutor.execute(TestSuiteExecutor.java:106)
	at com.kms.katalon.core.main.TestCaseMain.startTestSuite(TestCaseMain.java:187)
	at com.kms.katalon.core.main.TestCaseMain$startTestSuite$0.call(Unknown Source)
	at TempTestSuite1697186148716.run(TempTestSuite1697186148716.groovy:36)
Caused by: com.kms.katalon.core.exception.StepFailedException: com.kms.katalon.core.webui.exception.WebElementNotFoundException: Web element with id: 'Object Repository/Object Login/verify_Unsuccessfully_Login - Please fill your username and answer' located by '//*[(text() = 'Please fill your username dan password' or . = 'Please fill your username dan password')]' not found
	at com.kms.katalon.core.webui.keyword.internal.WebUIKeywordMain.stepFailed(WebUIKeywordMain.groovy:64)
	at com.kms.katalon.core.webui.keyword.builtin.VerifyElementPresentKeyword$_verifyElementPresent_closure1.doCall(VerifyElementPresentKeyword.groovy:85)
	at com.kms.katalon.core.webui.keyword.builtin.VerifyElementPresentKeyword$_verifyElementPresent_closure1.call(VerifyElementPresentKeyword.groovy)
	at com.kms.katalon.core.webui.keyword.internal.WebUIKeywordMain.runKeyword(WebUIKeywordMain.groovy:20)
	... 19 more]]></system-err>
   </testsuite>
</testsuites>
